CRITICAL - 2023-10-26 00:07:07 --> Undefined property: stdClass::$nombreAlimento
in APPPATH\Views\admin\mostrarDieta.php on line 17.
 1 APPPATH\Views\admin\mostrarDieta.php(17): CodeIgniter\Debug\Exceptions->errorHandler(2, 'Undefined property: stdClass::$nombreAlimento', 'C:\\Users\\mcarl\\OneDrive\\Escritorio\\ADOPCION_MASCOTAS\\app\\Views\\admin\\mostrarDieta.php', 17)
 2 SYSTEMPATH\View\View.php(228): include('C:\\Users\\mcarl\\OneDrive\\Escritorio\\ADOPCION_MASCOTAS\\app\\Views\\admin\\mostrarDieta.php')
 3 SYSTEMPATH\View\View.php(231): CodeIgniter\View\View->CodeIgniter\View\{closure}()
 4 SYSTEMPATH\Common.php(1190): CodeIgniter\View\View->render('admin/mostrarDieta', [], true)
 5 APPPATH\Controllers\Admin.php(216): view('admin/mostrarDieta', [...])
 6 SYSTEMPATH\CodeIgniter.php(942): App\Controllers\Admin->mostrarDieta()
 7 SYSTEMPATH\CodeIgniter.php(502): CodeIgniter\CodeIgniter->runController(Object(App\Controllers\Admin))
 8 SYSTEMPATH\CodeIgniter.php(361): CodeIgniter\CodeIgniter->handleRequest(null, Object(Config\Cache), false)
 9 FCPATH\index.php(79): CodeIgniter\CodeIgniter->run()
10 SYSTEMPATH\Commands\Server\rewrite.php(47): require_once('C:\\Users\\mcarl\\OneDrive\\Escritorio\\ADOPCION_MASCOTAS\\public\\index.php')
CRITICAL - 2023-10-26 00:07:23 --> Undefined property: stdClass::$nombreAlimento
in APPPATH\Views\admin\mostrarDieta.php on line 17.
 1 APPPATH\Views\admin\mostrarDieta.php(17): CodeIgniter\Debug\Exceptions->errorHandler(2, 'Undefined property: stdClass::$nombreAlimento', 'C:\\Users\\mcarl\\OneDrive\\Escritorio\\ADOPCION_MASCOTAS\\app\\Views\\admin\\mostrarDieta.php', 17)
 2 SYSTEMPATH\View\View.php(228): include('C:\\Users\\mcarl\\OneDrive\\Escritorio\\ADOPCION_MASCOTAS\\app\\Views\\admin\\mostrarDieta.php')
 3 SYSTEMPATH\View\View.php(231): CodeIgniter\View\View->CodeIgniter\View\{closure}()
 4 SYSTEMPATH\Common.php(1190): CodeIgniter\View\View->render('admin/mostrarDieta', [], true)
 5 APPPATH\Controllers\Admin.php(216): view('admin/mostrarDieta', [...])
 6 SYSTEMPATH\CodeIgniter.php(942): App\Controllers\Admin->mostrarDieta()
 7 SYSTEMPATH\CodeIgniter.php(502): CodeIgniter\CodeIgniter->runController(Object(App\Controllers\Admin))
 8 SYSTEMPATH\CodeIgniter.php(361): CodeIgniter\CodeIgniter->handleRequest(null, Object(Config\Cache), false)
 9 FCPATH\index.php(79): CodeIgniter\CodeIgniter->run()
10 SYSTEMPATH\Commands\Server\rewrite.php(47): require_once('C:\\Users\\mcarl\\OneDrive\\Escritorio\\ADOPCION_MASCOTAS\\public\\index.php')
CRITICAL - 2023-10-26 00:18:33 --> Undefined property: stdClass::$color
in APPPATH\Views\usuario\mostrarM.php on line 18.
 1 APPPATH\Views\usuario\mostrarM.php(18): CodeIgniter\Debug\Exceptions->errorHandler(2, 'Undefined property: stdClass::$color', 'C:\\Users\\mcarl\\OneDrive\\Escritorio\\ADOPCION_MASCOTAS\\app\\Views\\usuario\\mostrarM.php', 18)
 2 SYSTEMPATH\View\View.php(228): include('C:\\Users\\mcarl\\OneDrive\\Escritorio\\ADOPCION_MASCOTAS\\app\\Views\\usuario\\mostrarM.php')
 3 SYSTEMPATH\View\View.php(231): CodeIgniter\View\View->CodeIgniter\View\{closure}()
 4 SYSTEMPATH\Common.php(1190): CodeIgniter\View\View->render('usuario/mostrarM', [], true)
 5 APPPATH\Controllers\User.php(21): view('usuario/mostrarM', [...])
 6 SYSTEMPATH\CodeIgniter.php(942): App\Controllers\User->mostrarM()
 7 SYSTEMPATH\CodeIgniter.php(502): CodeIgniter\CodeIgniter->runController(Object(App\Controllers\User))
 8 SYSTEMPATH\CodeIgniter.php(361): CodeIgniter\CodeIgniter->handleRequest(null, Object(Config\Cache), false)
 9 FCPATH\index.php(79): CodeIgniter\CodeIgniter->run()
10 SYSTEMPATH\Commands\Server\rewrite.php(47): require_once('C:\\Users\\mcarl\\OneDrive\\Escritorio\\ADOPCION_MASCOTAS\\public\\index.php')
CRITICAL - 2023-10-26 00:21:07 --> Undefined property: stdClass::$color
in APPPATH\Views\usuario\mostrarM.php on line 18.
 1 APPPATH\Views\usuario\mostrarM.php(18): CodeIgniter\Debug\Exceptions->errorHandler(2, 'Undefined property: stdClass::$color', 'C:\\Users\\mcarl\\OneDrive\\Escritorio\\ADOPCION_MASCOTAS\\app\\Views\\usuario\\mostrarM.php', 18)
 2 SYSTEMPATH\View\View.php(228): include('C:\\Users\\mcarl\\OneDrive\\Escritorio\\ADOPCION_MASCOTAS\\app\\Views\\usuario\\mostrarM.php')
 3 SYSTEMPATH\View\View.php(231): CodeIgniter\View\View->CodeIgniter\View\{closure}()
 4 SYSTEMPATH\Common.php(1190): CodeIgniter\View\View->render('usuario/mostrarM', [], true)
 5 APPPATH\Controllers\User.php(28): view('usuario/mostrarM', [...])
 6 SYSTEMPATH\CodeIgniter.php(942): App\Controllers\User->mostrarM()
 7 SYSTEMPATH\CodeIgniter.php(502): CodeIgniter\CodeIgniter->runController(Object(App\Controllers\User))
 8 SYSTEMPATH\CodeIgniter.php(361): CodeIgniter\CodeIgniter->handleRequest(null, Object(Config\Cache), false)
 9 FCPATH\index.php(79): CodeIgniter\CodeIgniter->run()
10 SYSTEMPATH\Commands\Server\rewrite.php(47): require_once('C:\\Users\\mcarl\\OneDrive\\Escritorio\\ADOPCION_MASCOTAS\\public\\index.php')
CRITICAL - 2023-10-26 00:23:55 --> Undefined property: stdClass::$raza
in APPPATH\Views\usuario\mostrarM.php on line 8.
 1 APPPATH\Views\usuario\mostrarM.php(8): CodeIgniter\Debug\Exceptions->errorHandler(2, 'Undefined property: stdClass::$raza', 'C:\\Users\\mcarl\\OneDrive\\Escritorio\\ADOPCION_MASCOTAS\\app\\Views\\usuario\\mostrarM.php', 8)
 2 SYSTEMPATH\View\View.php(228): include('C:\\Users\\mcarl\\OneDrive\\Escritorio\\ADOPCION_MASCOTAS\\app\\Views\\usuario\\mostrarM.php')
 3 SYSTEMPATH\View\View.php(231): CodeIgniter\View\View->CodeIgniter\View\{closure}()
 4 SYSTEMPATH\Common.php(1190): CodeIgniter\View\View->render('usuario/mostrarM', [], true)
 5 APPPATH\Controllers\User.php(28): view('usuario/mostrarM', [...])
 6 SYSTEMPATH\CodeIgniter.php(942): App\Controllers\User->mostrarM()
 7 SYSTEMPATH\CodeIgniter.php(502): CodeIgniter\CodeIgniter->runController(Object(App\Controllers\User))
 8 SYSTEMPATH\CodeIgniter.php(361): CodeIgniter\CodeIgniter->handleRequest(null, Object(Config\Cache), false)
 9 FCPATH\index.php(79): CodeIgniter\CodeIgniter->run()
10 SYSTEMPATH\Commands\Server\rewrite.php(47): require_once('C:\\Users\\mcarl\\OneDrive\\Escritorio\\ADOPCION_MASCOTAS\\public\\index.php')
CRITICAL - 2023-10-26 00:24:23 --> Undefined property: stdClass::$raza
in APPPATH\Views\usuario\mostrarM.php on line 10.
 1 APPPATH\Views\usuario\mostrarM.php(10): CodeIgniter\Debug\Exceptions->errorHandler(2, 'Undefined property: stdClass::$raza', 'C:\\Users\\mcarl\\OneDrive\\Escritorio\\ADOPCION_MASCOTAS\\app\\Views\\usuario\\mostrarM.php', 10)
 2 SYSTEMPATH\View\View.php(228): include('C:\\Users\\mcarl\\OneDrive\\Escritorio\\ADOPCION_MASCOTAS\\app\\Views\\usuario\\mostrarM.php')
 3 SYSTEMPATH\View\View.php(231): CodeIgniter\View\View->CodeIgniter\View\{closure}()
 4 SYSTEMPATH\Common.php(1190): CodeIgniter\View\View->render('usuario/mostrarM', [], true)
 5 APPPATH\Controllers\User.php(28): view('usuario/mostrarM', [...])
 6 SYSTEMPATH\CodeIgniter.php(942): App\Controllers\User->mostrarM()
 7 SYSTEMPATH\CodeIgniter.php(502): CodeIgniter\CodeIgniter->runController(Object(App\Controllers\User))
 8 SYSTEMPATH\CodeIgniter.php(361): CodeIgniter\CodeIgniter->handleRequest(null, Object(Config\Cache), false)
 9 FCPATH\index.php(79): CodeIgniter\CodeIgniter->run()
10 SYSTEMPATH\Commands\Server\rewrite.php(47): require_once('C:\\Users\\mcarl\\OneDrive\\Escritorio\\ADOPCION_MASCOTAS\\public\\index.php')
CRITICAL - 2023-10-26 00:25:13 --> Undefined property: stdClass::$color
in APPPATH\Views\usuario\mostrarM.php on line 11.
 1 APPPATH\Views\usuario\mostrarM.php(11): CodeIgniter\Debug\Exceptions->errorHandler(2, 'Undefined property: stdClass::$color', 'C:\\Users\\mcarl\\OneDrive\\Escritorio\\ADOPCION_MASCOTAS\\app\\Views\\usuario\\mostrarM.php', 11)
 2 SYSTEMPATH\View\View.php(228): include('C:\\Users\\mcarl\\OneDrive\\Escritorio\\ADOPCION_MASCOTAS\\app\\Views\\usuario\\mostrarM.php')
 3 SYSTEMPATH\View\View.php(231): CodeIgniter\View\View->CodeIgniter\View\{closure}()
 4 SYSTEMPATH\Common.php(1190): CodeIgniter\View\View->render('usuario/mostrarM', [], true)
 5 APPPATH\Controllers\User.php(28): view('usuario/mostrarM', [...])
 6 SYSTEMPATH\CodeIgniter.php(942): App\Controllers\User->mostrarM()
 7 SYSTEMPATH\CodeIgniter.php(502): CodeIgniter\CodeIgniter->runController(Object(App\Controllers\User))
 8 SYSTEMPATH\CodeIgniter.php(361): CodeIgniter\CodeIgniter->handleRequest(null, Object(Config\Cache), false)
 9 FCPATH\index.php(79): CodeIgniter\CodeIgniter->run()
10 SYSTEMPATH\Commands\Server\rewrite.php(47): require_once('C:\\Users\\mcarl\\OneDrive\\Escritorio\\ADOPCION_MASCOTAS\\public\\index.php')
CRITICAL - 2023-10-26 00:34:30 --> Invalid file: "estadisticas_mascotas.php"
in SYSTEMPATH\Exceptions\FrameworkException.php on line 39.
 1 SYSTEMPATH\View\View.php(216): CodeIgniter\Exceptions\FrameworkException::forInvalidFile('estadisticas_mascotas.php')
 2 SYSTEMPATH\Common.php(1190): CodeIgniter\View\View->render('estadisticas_mascotas', [], true)
 3 APPPATH\Controllers\User.php(51): view('estadisticas_mascotas', [...])
 4 SYSTEMPATH\CodeIgniter.php(942): App\Controllers\User->estadisticas()
 5 SYSTEMPATH\CodeIgniter.php(502): CodeIgniter\CodeIgniter->runController(Object(App\Controllers\User))
 6 SYSTEMPATH\CodeIgniter.php(361): CodeIgniter\CodeIgniter->handleRequest(null, Object(Config\Cache), false)
 7 FCPATH\index.php(79): CodeIgniter\CodeIgniter->run()
 8 SYSTEMPATH\Commands\Server\rewrite.php(47): require_once('C:\\Users\\mcarl\\OneDrive\\Escritorio\\ADOPCION_MASCOTAS\\public\\index.php')
CRITICAL - 2023-10-26 00:34:57 --> Invalid file: "estadisticas.php"
in SYSTEMPATH\Exceptions\FrameworkException.php on line 39.
 1 SYSTEMPATH\View\View.php(216): CodeIgniter\Exceptions\FrameworkException::forInvalidFile('estadisticas.php')
 2 SYSTEMPATH\Common.php(1190): CodeIgniter\View\View->render('estadisticas', [], true)
 3 APPPATH\Controllers\User.php(51): view('estadisticas', [...])
 4 SYSTEMPATH\CodeIgniter.php(942): App\Controllers\User->estadisticas()
 5 SYSTEMPATH\CodeIgniter.php(502): CodeIgniter\CodeIgniter->runController(Object(App\Controllers\User))
 6 SYSTEMPATH\CodeIgniter.php(361): CodeIgniter\CodeIgniter->handleRequest(null, Object(Config\Cache), false)
 7 FCPATH\index.php(79): CodeIgniter\CodeIgniter->run()
 8 SYSTEMPATH\Commands\Server\rewrite.php(47): require_once('C:\\Users\\mcarl\\OneDrive\\Escritorio\\ADOPCION_MASCOTAS\\public\\index.php')
CRITICAL - 2023-10-26 00:57:01 --> Object of class stdClass could not be converted to string
in APPPATH\Views\admin\mostrarMascota.php on line 19.
 1 SYSTEMPATH\View\View.php(228): include()
 2 SYSTEMPATH\View\View.php(231): CodeIgniter\View\View->CodeIgniter\View\{closure}()
 3 SYSTEMPATH\Common.php(1190): CodeIgniter\View\View->render('admin/mostrarMascota', [], true)
 4 APPPATH\Controllers\Admin.php(29): view('admin/mostrarMascota', [...])
 5 SYSTEMPATH\CodeIgniter.php(942): App\Controllers\Admin->mostrarMascota()
 6 SYSTEMPATH\CodeIgniter.php(502): CodeIgniter\CodeIgniter->runController(Object(App\Controllers\Admin))
 7 SYSTEMPATH\CodeIgniter.php(361): CodeIgniter\CodeIgniter->handleRequest(null, Object(Config\Cache), false)
 8 FCPATH\index.php(79): CodeIgniter\CodeIgniter->run()
 9 SYSTEMPATH\Commands\Server\rewrite.php(47): require_once('C:\\Users\\mcarl\\OneDrive\\Escritorio\\ADOPCION_MASCOTAS\\public\\index.php')
CRITICAL - 2023-10-26 01:04:23 --> Object of class stdClass could not be converted to string
in APPPATH\Views\admin\mostrarMascota.php on line 23.
 1 SYSTEMPATH\View\View.php(228): include()
 2 SYSTEMPATH\View\View.php(231): CodeIgniter\View\View->CodeIgniter\View\{closure}()
 3 SYSTEMPATH\Common.php(1190): CodeIgniter\View\View->render('admin/mostrarMascota', [], true)
 4 APPPATH\Controllers\Admin.php(29): view('admin/mostrarMascota', [...])
 5 SYSTEMPATH\CodeIgniter.php(942): App\Controllers\Admin->mostrarMascota()
 6 SYSTEMPATH\CodeIgniter.php(502): CodeIgniter\CodeIgniter->runController(Object(App\Controllers\Admin))
 7 SYSTEMPATH\CodeIgniter.php(361): CodeIgniter\CodeIgniter->handleRequest(null, Object(Config\Cache), false)
 8 FCPATH\index.php(79): CodeIgniter\CodeIgniter->run()
 9 SYSTEMPATH\Commands\Server\rewrite.php(47): require_once('C:\\Users\\mcarl\\OneDrive\\Escritorio\\ADOPCION_MASCOTAS\\public\\index.php')
CRITICAL - 2023-10-26 01:05:08 --> Object of class stdClass could not be converted to string
in APPPATH\Views\admin\mostrarMascota.php on line 23.
 1 SYSTEMPATH\View\View.php(228): include()
 2 SYSTEMPATH\View\View.php(231): CodeIgniter\View\View->CodeIgniter\View\{closure}()
 3 SYSTEMPATH\Common.php(1190): CodeIgniter\View\View->render('admin/mostrarMascota', [], true)
 4 APPPATH\Controllers\Admin.php(29): view('admin/mostrarMascota', [...])
 5 SYSTEMPATH\CodeIgniter.php(942): App\Controllers\Admin->mostrarMascota()
 6 SYSTEMPATH\CodeIgniter.php(502): CodeIgniter\CodeIgniter->runController(Object(App\Controllers\Admin))
 7 SYSTEMPATH\CodeIgniter.php(361): CodeIgniter\CodeIgniter->handleRequest(null, Object(Config\Cache), false)
 8 FCPATH\index.php(79): CodeIgniter\CodeIgniter->run()
 9 SYSTEMPATH\Commands\Server\rewrite.php(47): require_once('C:\\Users\\mcarl\\OneDrive\\Escritorio\\ADOPCION_MASCOTAS\\public\\index.php')
CRITICAL - 2023-10-26 01:09:26 --> Undefined array key "idRaza"
in APPPATH\Controllers\Admin.php on line 125.
 1 APPPATH\Controllers\Admin.php(125): CodeIgniter\Debug\Exceptions->errorHandler(2, 'Undefined array key "idRaza"', 'C:\\Users\\mcarl\\OneDrive\\Escritorio\\ADOPCION_MASCOTAS\\app\\Controllers\\Admin.php', 125)
 2 SYSTEMPATH\CodeIgniter.php(942): App\Controllers\Admin->updateM()
 3 SYSTEMPATH\CodeIgniter.php(502): CodeIgniter\CodeIgniter->runController(Object(App\Controllers\Admin))
 4 SYSTEMPATH\CodeIgniter.php(361): CodeIgniter\CodeIgniter->handleRequest(null, Object(Config\Cache), false)
 5 FCPATH\index.php(79): CodeIgniter\CodeIgniter->run()
 6 SYSTEMPATH\Commands\Server\rewrite.php(47): require_once('C:\\Users\\mcarl\\OneDrive\\Escritorio\\ADOPCION_MASCOTAS\\public\\index.php')
CRITICAL - 2023-10-26 01:13:48 --> Undefined variable $ciudades
in APPPATH\Views\admin\mostrarAdoptador.php on line 15.
 1 APPPATH\Views\admin\mostrarAdoptador.php(15): CodeIgniter\Debug\Exceptions->errorHandler(2, 'Undefined variable $ciudades', 'C:\\Users\\mcarl\\OneDrive\\Escritorio\\ADOPCION_MASCOTAS\\app\\Views\\admin\\mostrarAdoptador.php', 15)
 2 SYSTEMPATH\View\View.php(228): include('C:\\Users\\mcarl\\OneDrive\\Escritorio\\ADOPCION_MASCOTAS\\app\\Views\\admin\\mostrarAdoptador.php')
 3 SYSTEMPATH\View\View.php(231): CodeIgniter\View\View->CodeIgniter\View\{closure}()
 4 SYSTEMPATH\Common.php(1190): CodeIgniter\View\View->render('admin/mostrarAdoptador', [], true)
 5 APPPATH\Controllers\Admin.php(144): view('admin/mostrarAdoptador', [...])
 6 SYSTEMPATH\CodeIgniter.php(942): App\Controllers\Admin->mostrarAdoptador()
 7 SYSTEMPATH\CodeIgniter.php(502): CodeIgniter\CodeIgniter->runController(Object(App\Controllers\Admin))
 8 SYSTEMPATH\CodeIgniter.php(361): CodeIgniter\CodeIgniter->handleRequest(null, Object(Config\Cache), false)
 9 FCPATH\index.php(79): CodeIgniter\CodeIgniter->run()
10 SYSTEMPATH\Commands\Server\rewrite.php(47): require_once('C:\\Users\\mcarl\\OneDrive\\Escritorio\\ADOPCION_MASCOTAS\\public\\index.php')
CRITICAL - 2023-10-26 01:15:03 --> Undefined variable $ciudadModel
in APPPATH\Controllers\Admin.php on line 146.
 1 APPPATH\Controllers\Admin.php(146): CodeIgniter\Debug\Exceptions->errorHandler(2, 'Undefined variable $ciudadModel', 'C:\\Users\\mcarl\\OneDrive\\Escritorio\\ADOPCION_MASCOTAS\\app\\Controllers\\Admin.php', 146)
 2 SYSTEMPATH\CodeIgniter.php(942): App\Controllers\Admin->mostrarAdoptador()
 3 SYSTEMPATH\CodeIgniter.php(502): CodeIgniter\CodeIgniter->runController(Object(App\Controllers\Admin))
 4 SYSTEMPATH\CodeIgniter.php(361): CodeIgniter\CodeIgniter->handleRequest(null, Object(Config\Cache), false)
 5 FCPATH\index.php(79): CodeIgniter\CodeIgniter->run()
 6 SYSTEMPATH\Commands\Server\rewrite.php(47): require_once('C:\\Users\\mcarl\\OneDrive\\Escritorio\\ADOPCION_MASCOTAS\\public\\index.php')
CRITICAL - 2023-10-26 01:26:26 --> Cannot redeclare App\Controllers\Admin::deleteAdoptador()
in APPPATH\Controllers\Admin.php on line 234.
 1 [internal function]: CodeIgniter\Debug\Exceptions->shutdownHandler()
ERROR - 2023-10-26 15:42:46 --> Error connecting to the database: mysqli_sql_exception: No se puede establecer una conexión ya que el equipo de destino denegó expresamente dicha conexión in C:\Users\mcarl\OneDrive\Escritorio\ADOPCION_MASCOTAS\system\Database\MySQLi\Connection.php:184
Stack trace:
#0 C:\Users\mcarl\OneDrive\Escritorio\ADOPCION_MASCOTAS\system\Database\MySQLi\Connection.php(184): mysqli->real_connect('localhost', 'root', Object(SensitiveParameterValue), 'adopciones', 3306, '', 0)
#1 C:\Users\mcarl\OneDrive\Escritorio\ADOPCION_MASCOTAS\system\Database\BaseConnection.php(392): CodeIgniter\Database\MySQLi\Connection->connect(false)
#2 C:\Users\mcarl\OneDrive\Escritorio\ADOPCION_MASCOTAS\system\Database\BaseConnection.php(575): CodeIgniter\Database\BaseConnection->initialize()
#3 C:\Users\mcarl\OneDrive\Escritorio\ADOPCION_MASCOTAS\system\Database\BaseBuilder.php(1615): CodeIgniter\Database\BaseConnection->query('SELECT *\nFROM `...', Array, false)
#4 C:\Users\mcarl\OneDrive\Escritorio\ADOPCION_MASCOTAS\system\Model.php(237): CodeIgniter\Database\BaseBuilder->get()
#5 C:\Users\mcarl\OneDrive\Escritorio\ADOPCION_MASCOTAS\system\BaseModel.php(624): CodeIgniter\Model->doFindAll(0, 0)
#6 C:\Users\mcarl\OneDrive\Escritorio\ADOPCION_MASCOTAS\app\Controllers\Admin.php(17): CodeIgniter\BaseModel->findAll()
#7 C:\Users\mcarl\OneDrive\Escritorio\ADOPCION_MASCOTAS\system\CodeIgniter.php(942): App\Controllers\Admin->mostrarMascota()
#8 C:\Users\mcarl\OneDrive\Escritorio\ADOPCION_MASCOTAS\system\CodeIgniter.php(502): CodeIgniter\CodeIgniter->runController(Object(App\Controllers\Admin))
#9 C:\Users\mcarl\OneDrive\Escritorio\ADOPCION_MASCOTAS\system\CodeIgniter.php(361): CodeIgniter\CodeIgniter->handleRequest(NULL, Object(Config\Cache), false)
#10 C:\Users\mcarl\OneDrive\Escritorio\ADOPCION_MASCOTAS\public\index.php(79): CodeIgniter\CodeIgniter->run()
#11 C:\Users\mcarl\OneDrive\Escritorio\ADOPCION_MASCOTAS\system\Commands\Server\rewrite.php(47): require_once('C:\\Users\\mcarl\\...')
#12 {main}

Next CodeIgniter\Database\Exceptions\DatabaseException: No se puede establecer una conexión ya que el equipo de destino denegó expresamente dicha conexión in C:\Users\mcarl\OneDrive\Escritorio\ADOPCION_MASCOTAS\system\Database\MySQLi\Connection.php:229
Stack trace:
#0 C:\Users\mcarl\OneDrive\Escritorio\ADOPCION_MASCOTAS\system\Database\BaseConnection.php(392): CodeIgniter\Database\MySQLi\Connection->connect(false)
#1 C:\Users\mcarl\OneDrive\Escritorio\ADOPCION_MASCOTAS\system\Database\BaseConnection.php(575): CodeIgniter\Database\BaseConnection->initialize()
#2 C:\Users\mcarl\OneDrive\Escritorio\ADOPCION_MASCOTAS\system\Database\BaseBuilder.php(1615): CodeIgniter\Database\BaseConnection->query('SELECT *\nFROM `...', Array, false)
#3 C:\Users\mcarl\OneDrive\Escritorio\ADOPCION_MASCOTAS\system\Model.php(237): CodeIgniter\Database\BaseBuilder->get()
#4 C:\Users\mcarl\OneDrive\Escritorio\ADOPCION_MASCOTAS\system\BaseModel.php(624): CodeIgniter\Model->doFindAll(0, 0)
#5 C:\Users\mcarl\OneDrive\Escritorio\ADOPCION_MASCOTAS\app\Controllers\Admin.php(17): CodeIgniter\BaseModel->findAll()
#6 C:\Users\mcarl\OneDrive\Escritorio\ADOPCION_MASCOTAS\system\CodeIgniter.php(942): App\Controllers\Admin->mostrarMascota()
#7 C:\Users\mcarl\OneDrive\Escritorio\ADOPCION_MASCOTAS\system\CodeIgniter.php(502): CodeIgniter\CodeIgniter->runController(Object(App\Controllers\Admin))
#8 C:\Users\mcarl\OneDrive\Escritorio\ADOPCION_MASCOTAS\system\CodeIgniter.php(361): CodeIgniter\CodeIgniter->handleRequest(NULL, Object(Config\Cache), false)
#9 C:\Users\mcarl\OneDrive\Escritorio\ADOPCION_MASCOTAS\public\index.php(79): CodeIgniter\CodeIgniter->run()
#10 C:\Users\mcarl\OneDrive\Escritorio\ADOPCION_MASCOTAS\system\Commands\Server\rewrite.php(47): require_once('C:\\Users\\mcarl\\...')
#11 {main}
CRITICAL - 2023-10-26 15:42:46 --> Unable to connect to the database.
Main connection [MySQLi]: No se puede establecer una conexión ya que el equipo de destino denegó expresamente dicha conexión
in SYSTEMPATH\Database\BaseConnection.php on line 428.
 1 SYSTEMPATH\Database\BaseConnection.php(575): CodeIgniter\Database\BaseConnection->initialize()
 2 SYSTEMPATH\Database\BaseBuilder.php(1615): CodeIgniter\Database\BaseConnection->query('SELECT *
FROM `raza`', [], false)
 3 SYSTEMPATH\Model.php(237): CodeIgniter\Database\BaseBuilder->get()
 4 SYSTEMPATH\BaseModel.php(624): CodeIgniter\Model->doFindAll(0, 0)
 5 APPPATH\Controllers\Admin.php(17): CodeIgniter\BaseModel->findAll()
 6 SYSTEMPATH\CodeIgniter.php(942): App\Controllers\Admin->mostrarMascota()
 7 SYSTEMPATH\CodeIgniter.php(502): CodeIgniter\CodeIgniter->runController(Object(App\Controllers\Admin))
 8 SYSTEMPATH\CodeIgniter.php(361): CodeIgniter\CodeIgniter->handleRequest(null, Object(Config\Cache), false)
 9 FCPATH\index.php(79): CodeIgniter\CodeIgniter->run()
10 SYSTEMPATH\Commands\Server\rewrite.php(47): require_once('C:\\Users\\mcarl\\OneDrive\\Escritorio\\ADOPCION_MASCOTAS\\public\\index.php')
CRITICAL - 2023-10-26 15:45:00 --> Undefined array key "idRaza"
in APPPATH\Controllers\Admin.php on line 126.
 1 APPPATH\Controllers\Admin.php(126): CodeIgniter\Debug\Exceptions->errorHandler(2, 'Undefined array key "idRaza"', 'C:\\Users\\mcarl\\OneDrive\\Escritorio\\ADOPCION_MASCOTAS\\app\\Controllers\\Admin.php', 126)
 2 SYSTEMPATH\CodeIgniter.php(942): App\Controllers\Admin->updateM()
 3 SYSTEMPATH\CodeIgniter.php(502): CodeIgniter\CodeIgniter->runController(Object(App\Controllers\Admin))
 4 SYSTEMPATH\CodeIgniter.php(361): CodeIgniter\CodeIgniter->handleRequest(null, Object(Config\Cache), false)
 5 FCPATH\index.php(79): CodeIgniter\CodeIgniter->run()
 6 SYSTEMPATH\Commands\Server\rewrite.php(47): require_once('C:\\Users\\mcarl\\OneDrive\\Escritorio\\ADOPCION_MASCOTAS\\public\\index.php')
CRITICAL - 2023-10-26 15:48:28 --> Undefined array key "idRaza"
in APPPATH\Controllers\Admin.php on line 126.
 1 APPPATH\Controllers\Admin.php(126): CodeIgniter\Debug\Exceptions->errorHandler(2, 'Undefined array key "idRaza"', 'C:\\Users\\mcarl\\OneDrive\\Escritorio\\ADOPCION_MASCOTAS\\app\\Controllers\\Admin.php', 126)
 2 SYSTEMPATH\CodeIgniter.php(942): App\Controllers\Admin->updateM()
 3 SYSTEMPATH\CodeIgniter.php(502): CodeIgniter\CodeIgniter->runController(Object(App\Controllers\Admin))
 4 SYSTEMPATH\CodeIgniter.php(361): CodeIgniter\CodeIgniter->handleRequest(null, Object(Config\Cache), false)
 5 FCPATH\index.php(79): CodeIgniter\CodeIgniter->run()
 6 SYSTEMPATH\Commands\Server\rewrite.php(47): require_once('C:\\Users\\mcarl\\OneDrive\\Escritorio\\ADOPCION_MASCOTAS\\public\\index.php')
CRITICAL - 2023-10-26 16:15:18 --> Undefined variable $dietaModel
in APPPATH\Controllers\Admin.php on line 24.
 1 APPPATH\Controllers\Admin.php(24): CodeIgniter\Debug\Exceptions->errorHandler(2, 'Undefined variable $dietaModel', 'C:\\Users\\mcarl\\OneDrive\\Escritorio\\ADOPCION_MASCOTAS\\app\\Controllers\\Admin.php', 24)
 2 SYSTEMPATH\CodeIgniter.php(942): App\Controllers\Admin->mostrarMascota()
 3 SYSTEMPATH\CodeIgniter.php(502): CodeIgniter\CodeIgniter->runController(Object(App\Controllers\Admin))
 4 SYSTEMPATH\CodeIgniter.php(361): CodeIgniter\CodeIgniter->handleRequest(null, Object(Config\Cache), false)
 5 FCPATH\index.php(79): CodeIgniter\CodeIgniter->run()
 6 SYSTEMPATH\Commands\Server\rewrite.php(47): require_once('C:\\Users\\mcarl\\OneDrive\\Escritorio\\ADOPCION_MASCOTAS\\public\\index.php')
CRITICAL - 2023-10-26 16:35:55 --> Undefined array key "idRaza"
in APPPATH\Controllers\Admin.php on line 89.
 1 APPPATH\Controllers\Admin.php(89): CodeIgniter\Debug\Exceptions->errorHandler(2, 'Undefined array key "idRaza"', 'C:\\Users\\mcarl\\OneDrive\\Escritorio\\ADOPCION_MASCOTAS\\app\\Controllers\\Admin.php', 89)
 2 APPPATH\Controllers\Admin.php(74): App\Controllers\Admin->insertM()
 3 SYSTEMPATH\CodeIgniter.php(942): App\Controllers\Admin->agregarMascota()
 4 SYSTEMPATH\CodeIgniter.php(502): CodeIgniter\CodeIgniter->runController(Object(App\Controllers\Admin))
 5 SYSTEMPATH\CodeIgniter.php(361): CodeIgniter\CodeIgniter->handleRequest(null, Object(Config\Cache), false)
 6 FCPATH\index.php(79): CodeIgniter\CodeIgniter->run()
 7 SYSTEMPATH\Commands\Server\rewrite.php(47): require_once('C:\\Users\\mcarl\\OneDrive\\Escritorio\\ADOPCION_MASCOTAS\\public\\index.php')
CRITICAL - 2023-10-26 16:36:57 --> Undefined array key "idColor"
in APPPATH\Controllers\Admin.php on line 89.
 1 APPPATH\Controllers\Admin.php(89): CodeIgniter\Debug\Exceptions->errorHandler(2, 'Undefined array key "idColor"', 'C:\\Users\\mcarl\\OneDrive\\Escritorio\\ADOPCION_MASCOTAS\\app\\Controllers\\Admin.php', 89)
 2 APPPATH\Controllers\Admin.php(74): App\Controllers\Admin->insertM()
 3 SYSTEMPATH\CodeIgniter.php(942): App\Controllers\Admin->agregarMascota()
 4 SYSTEMPATH\CodeIgniter.php(502): CodeIgniter\CodeIgniter->runController(Object(App\Controllers\Admin))
 5 SYSTEMPATH\CodeIgniter.php(361): CodeIgniter\CodeIgniter->handleRequest(null, Object(Config\Cache), false)
 6 FCPATH\index.php(79): CodeIgniter\CodeIgniter->run()
 7 SYSTEMPATH\Commands\Server\rewrite.php(47): require_once('C:\\Users\\mcarl\\OneDrive\\Escritorio\\ADOPCION_MASCOTAS\\public\\index.php')
CRITICAL - 2023-10-26 16:37:36 --> Undefined array key "status"
in APPPATH\Controllers\Admin.php on line 91.
 1 APPPATH\Controllers\Admin.php(91): CodeIgniter\Debug\Exceptions->errorHandler(2, 'Undefined array key "status"', 'C:\\Users\\mcarl\\OneDrive\\Escritorio\\ADOPCION_MASCOTAS\\app\\Controllers\\Admin.php', 91)
 2 APPPATH\Controllers\Admin.php(74): App\Controllers\Admin->insertM()
 3 SYSTEMPATH\CodeIgniter.php(942): App\Controllers\Admin->agregarMascota()
 4 SYSTEMPATH\CodeIgniter.php(502): CodeIgniter\CodeIgniter->runController(Object(App\Controllers\Admin))
 5 SYSTEMPATH\CodeIgniter.php(361): CodeIgniter\CodeIgniter->handleRequest(null, Object(Config\Cache), false)
 6 FCPATH\index.php(79): CodeIgniter\CodeIgniter->run()
 7 SYSTEMPATH\Commands\Server\rewrite.php(47): require_once('C:\\Users\\mcarl\\OneDrive\\Escritorio\\ADOPCION_MASCOTAS\\public\\index.php')
CRITICAL - 2023-10-26 16:38:14 --> Undefined array key "idDieta"
in APPPATH\Controllers\Admin.php on line 94.
 1 APPPATH\Controllers\Admin.php(94): CodeIgniter\Debug\Exceptions->errorHandler(2, 'Undefined array key "idDieta"', 'C:\\Users\\mcarl\\OneDrive\\Escritorio\\ADOPCION_MASCOTAS\\app\\Controllers\\Admin.php', 94)
 2 APPPATH\Controllers\Admin.php(74): App\Controllers\Admin->insertM()
 3 SYSTEMPATH\CodeIgniter.php(942): App\Controllers\Admin->agregarMascota()
 4 SYSTEMPATH\CodeIgniter.php(502): CodeIgniter\CodeIgniter->runController(Object(App\Controllers\Admin))
 5 SYSTEMPATH\CodeIgniter.php(361): CodeIgniter\CodeIgniter->handleRequest(null, Object(Config\Cache), false)
 6 FCPATH\index.php(79): CodeIgniter\CodeIgniter->run()
 7 SYSTEMPATH\Commands\Server\rewrite.php(47): require_once('C:\\Users\\mcarl\\OneDrive\\Escritorio\\ADOPCION_MASCOTAS\\public\\index.php')
CRITICAL - 2023-10-26 16:41:06 --> Undefined array key "fechaIngreso"
in APPPATH\Controllers\Admin.php on line 135.
 1 APPPATH\Controllers\Admin.php(135): CodeIgniter\Debug\Exceptions->errorHandler(2, 'Undefined array key "fechaIngreso"', 'C:\\Users\\mcarl\\OneDrive\\Escritorio\\ADOPCION_MASCOTAS\\app\\Controllers\\Admin.php', 135)
 2 SYSTEMPATH\CodeIgniter.php(942): App\Controllers\Admin->updateM()
 3 SYSTEMPATH\CodeIgniter.php(502): CodeIgniter\CodeIgniter->runController(Object(App\Controllers\Admin))
 4 SYSTEMPATH\CodeIgniter.php(361): CodeIgniter\CodeIgniter->handleRequest(null, Object(Config\Cache), false)
 5 FCPATH\index.php(79): CodeIgniter\CodeIgniter->run()
 6 SYSTEMPATH\Commands\Server\rewrite.php(47): require_once('C:\\Users\\mcarl\\OneDrive\\Escritorio\\ADOPCION_MASCOTAS\\public\\index.php')
CRITICAL - 2023-10-26 16:41:18 --> Undefined array key "id"
in APPPATH\Controllers\Admin.php on line 137.
 1 APPPATH\Controllers\Admin.php(137): CodeIgniter\Debug\Exceptions->errorHandler(2, 'Undefined array key "id"', 'C:\\Users\\mcarl\\OneDrive\\Escritorio\\ADOPCION_MASCOTAS\\app\\Controllers\\Admin.php', 137)
 2 SYSTEMPATH\CodeIgniter.php(942): App\Controllers\Admin->updateM()
 3 SYSTEMPATH\CodeIgniter.php(502): CodeIgniter\CodeIgniter->runController(Object(App\Controllers\Admin))
 4 SYSTEMPATH\CodeIgniter.php(361): CodeIgniter\CodeIgniter->handleRequest(null, Object(Config\Cache), false)
 5 FCPATH\index.php(79): CodeIgniter\CodeIgniter->run()
 6 SYSTEMPATH\Commands\Server\rewrite.php(47): require_once('C:\\Users\\mcarl\\OneDrive\\Escritorio\\ADOPCION_MASCOTAS\\public\\index.php')
CRITICAL - 2023-10-26 16:41:51 --> Undefined array key "idMascota"
in APPPATH\Controllers\Admin.php on line 136.
 1 APPPATH\Controllers\Admin.php(136): CodeIgniter\Debug\Exceptions->errorHandler(2, 'Undefined array key "idMascota"', 'C:\\Users\\mcarl\\OneDrive\\Escritorio\\ADOPCION_MASCOTAS\\app\\Controllers\\Admin.php', 136)
 2 SYSTEMPATH\CodeIgniter.php(942): App\Controllers\Admin->updateM()
 3 SYSTEMPATH\CodeIgniter.php(502): CodeIgniter\CodeIgniter->runController(Object(App\Controllers\Admin))
 4 SYSTEMPATH\CodeIgniter.php(361): CodeIgniter\CodeIgniter->handleRequest(null, Object(Config\Cache), false)
 5 FCPATH\index.php(79): CodeIgniter\CodeIgniter->run()
 6 SYSTEMPATH\Commands\Server\rewrite.php(47): require_once('C:\\Users\\mcarl\\OneDrive\\Escritorio\\ADOPCION_MASCOTAS\\public\\index.php')
CRITICAL - 2023-10-26 17:00:28 --> Call to undefined function App\Controllers\db_conect()
in APPPATH\Controllers\User.php on line 15.
 1 SYSTEMPATH\CodeIgniter.php(942): App\Controllers\User->mostrarM()
 2 SYSTEMPATH\CodeIgniter.php(502): CodeIgniter\CodeIgniter->runController(Object(App\Controllers\User))
 3 SYSTEMPATH\CodeIgniter.php(361): CodeIgniter\CodeIgniter->handleRequest(null, Object(Config\Cache), false)
 4 FCPATH\index.php(79): CodeIgniter\CodeIgniter->run()
 5 SYSTEMPATH\Commands\Server\rewrite.php(47): require_once('C:\\Users\\mcarl\\OneDrive\\Escritorio\\ADOPCION_MASCOTAS\\public\\index.php')
ERROR - 2023-10-26 17:00:55 --> mysqli_sql_exception: Unknown column 'dieta.dieta' in 'field list' in C:\Users\mcarl\OneDrive\Escritorio\ADOPCION_MASCOTAS\system\Database\MySQLi\Connection.php:306
Stack trace:
#0 C:\Users\mcarl\OneDrive\Escritorio\ADOPCION_MASCOTAS\system\Database\MySQLi\Connection.php(306): mysqli->query('SELECT mascota....', 0)
#1 C:\Users\mcarl\OneDrive\Escritorio\ADOPCION_MASCOTAS\system\Database\BaseConnection.php(693): CodeIgniter\Database\MySQLi\Connection->execute('SELECT mascota....')
#2 C:\Users\mcarl\OneDrive\Escritorio\ADOPCION_MASCOTAS\system\Database\BaseConnection.php(607): CodeIgniter\Database\BaseConnection->simpleQuery('SELECT mascota....')
#3 C:\Users\mcarl\OneDrive\Escritorio\ADOPCION_MASCOTAS\app\Controllers\User.php(19): CodeIgniter\Database\BaseConnection->query('SELECT mascota....')
#4 C:\Users\mcarl\OneDrive\Escritorio\ADOPCION_MASCOTAS\system\CodeIgniter.php(942): App\Controllers\User->mostrarM()
#5 C:\Users\mcarl\OneDrive\Escritorio\ADOPCION_MASCOTAS\system\CodeIgniter.php(502): CodeIgniter\CodeIgniter->runController(Object(App\Controllers\User))
#6 C:\Users\mcarl\OneDrive\Escritorio\ADOPCION_MASCOTAS\system\CodeIgniter.php(361): CodeIgniter\CodeIgniter->handleRequest(NULL, Object(Config\Cache), false)
#7 C:\Users\mcarl\OneDrive\Escritorio\ADOPCION_MASCOTAS\public\index.php(79): CodeIgniter\CodeIgniter->run()
#8 C:\Users\mcarl\OneDrive\Escritorio\ADOPCION_MASCOTAS\system\Commands\Server\rewrite.php(47): require_once('C:\\Users\\mcarl\\...')
#9 {main}
CRITICAL - 2023-10-26 17:00:55 --> Unknown column 'dieta.dieta' in 'field list'
in SYSTEMPATH\Database\BaseConnection.php on line 647.
 1 APPPATH\Controllers\User.php(19): CodeIgniter\Database\BaseConnection->query('SELECT mascota.*,dieta.dieta, raza.raza, adoptador.nombre, color.color from mascota, dieta,raza
        where raza.idRaza=mascota.idRaza and dieta.idDieta=mascota.idDieta 
        and color.idColor= mascota.idColor and adoptador.idAdoptador=mascota.idAdoptador ')
 2 SYSTEMPATH\CodeIgniter.php(942): App\Controllers\User->mostrarM()
 3 SYSTEMPATH\CodeIgniter.php(502): CodeIgniter\CodeIgniter->runController(Object(App\Controllers\User))
 4 SYSTEMPATH\CodeIgniter.php(361): CodeIgniter\CodeIgniter->handleRequest(null, Object(Config\Cache), false)
 5 FCPATH\index.php(79): CodeIgniter\CodeIgniter->run()
 6 SYSTEMPATH\Commands\Server\rewrite.php(47): require_once('C:\\Users\\mcarl\\OneDrive\\Escritorio\\ADOPCION_MASCOTAS\\public\\index.php')
ERROR - 2023-10-26 17:02:03 --> mysqli_sql_exception: Unknown column 'dieta.dieta' in 'field list' in C:\Users\mcarl\OneDrive\Escritorio\ADOPCION_MASCOTAS\system\Database\MySQLi\Connection.php:306
Stack trace:
#0 C:\Users\mcarl\OneDrive\Escritorio\ADOPCION_MASCOTAS\system\Database\MySQLi\Connection.php(306): mysqli->query('SELECT mascota....', 0)
#1 C:\Users\mcarl\OneDrive\Escritorio\ADOPCION_MASCOTAS\system\Database\BaseConnection.php(693): CodeIgniter\Database\MySQLi\Connection->execute('SELECT mascota....')
#2 C:\Users\mcarl\OneDrive\Escritorio\ADOPCION_MASCOTAS\system\Database\BaseConnection.php(607): CodeIgniter\Database\BaseConnection->simpleQuery('SELECT mascota....')
#3 C:\Users\mcarl\OneDrive\Escritorio\ADOPCION_MASCOTAS\app\Controllers\User.php(19): CodeIgniter\Database\BaseConnection->query('SELECT mascota....')
#4 C:\Users\mcarl\OneDrive\Escritorio\ADOPCION_MASCOTAS\system\CodeIgniter.php(942): App\Controllers\User->mostrarM()
#5 C:\Users\mcarl\OneDrive\Escritorio\ADOPCION_MASCOTAS\system\CodeIgniter.php(502): CodeIgniter\CodeIgniter->runController(Object(App\Controllers\User))
#6 C:\Users\mcarl\OneDrive\Escritorio\ADOPCION_MASCOTAS\system\CodeIgniter.php(361): CodeIgniter\CodeIgniter->handleRequest(NULL, Object(Config\Cache), false)
#7 C:\Users\mcarl\OneDrive\Escritorio\ADOPCION_MASCOTAS\public\index.php(79): CodeIgniter\CodeIgniter->run()
#8 C:\Users\mcarl\OneDrive\Escritorio\ADOPCION_MASCOTAS\system\Commands\Server\rewrite.php(47): require_once('C:\\Users\\mcarl\\...')
#9 {main}
CRITICAL - 2023-10-26 17:02:03 --> Unknown column 'dieta.dieta' in 'field list'
in SYSTEMPATH\Database\BaseConnection.php on line 647.
 1 APPPATH\Controllers\User.php(19): CodeIgniter\Database\BaseConnection->query('SELECT mascota.*,dieta.dieta, raza.raza, adoptador.nombre, color.color from mascota, dieta,raza
        where raza.idRaza=mascota.idRaza and dieta.idDieta=mascota.idDieta 
        and color.idColor= mascota.idColor and adoptador.idAdoptador=mascota.idAdoptador ')
 2 SYSTEMPATH\CodeIgniter.php(942): App\Controllers\User->mostrarM()
 3 SYSTEMPATH\CodeIgniter.php(502): CodeIgniter\CodeIgniter->runController(Object(App\Controllers\User))
 4 SYSTEMPATH\CodeIgniter.php(361): CodeIgniter\CodeIgniter->handleRequest(null, Object(Config\Cache), false)
 5 FCPATH\index.php(79): CodeIgniter\CodeIgniter->run()
 6 SYSTEMPATH\Commands\Server\rewrite.php(47): require_once('C:\\Users\\mcarl\\OneDrive\\Escritorio\\ADOPCION_MASCOTAS\\public\\index.php')
ERROR - 2023-10-26 17:02:57 --> mysqli_sql_exception: Unknown column 'dieta.dieta' in 'field list' in C:\Users\mcarl\OneDrive\Escritorio\ADOPCION_MASCOTAS\system\Database\MySQLi\Connection.php:306
Stack trace:
#0 C:\Users\mcarl\OneDrive\Escritorio\ADOPCION_MASCOTAS\system\Database\MySQLi\Connection.php(306): mysqli->query('SELECT mascota....', 0)
#1 C:\Users\mcarl\OneDrive\Escritorio\ADOPCION_MASCOTAS\system\Database\BaseConnection.php(693): CodeIgniter\Database\MySQLi\Connection->execute('SELECT mascota....')
#2 C:\Users\mcarl\OneDrive\Escritorio\ADOPCION_MASCOTAS\system\Database\BaseConnection.php(607): CodeIgniter\Database\BaseConnection->simpleQuery('SELECT mascota....')
#3 C:\Users\mcarl\OneDrive\Escritorio\ADOPCION_MASCOTAS\app\Controllers\User.php(19): CodeIgniter\Database\BaseConnection->query('SELECT mascota....')
#4 C:\Users\mcarl\OneDrive\Escritorio\ADOPCION_MASCOTAS\system\CodeIgniter.php(942): App\Controllers\User->mostrarM()
#5 C:\Users\mcarl\OneDrive\Escritorio\ADOPCION_MASCOTAS\system\CodeIgniter.php(502): CodeIgniter\CodeIgniter->runController(Object(App\Controllers\User))
#6 C:\Users\mcarl\OneDrive\Escritorio\ADOPCION_MASCOTAS\system\CodeIgniter.php(361): CodeIgniter\CodeIgniter->handleRequest(NULL, Object(Config\Cache), false)
#7 C:\Users\mcarl\OneDrive\Escritorio\ADOPCION_MASCOTAS\public\index.php(79): CodeIgniter\CodeIgniter->run()
#8 C:\Users\mcarl\OneDrive\Escritorio\ADOPCION_MASCOTAS\system\Commands\Server\rewrite.php(47): require_once('C:\\Users\\mcarl\\...')
#9 {main}
CRITICAL - 2023-10-26 17:02:57 --> Unknown column 'dieta.dieta' in 'field list'
in SYSTEMPATH\Database\BaseConnection.php on line 647.
 1 APPPATH\Controllers\User.php(19): CodeIgniter\Database\BaseConnection->query('SELECT mascota.*,dieta.dieta, raza.raza, adoptador.nombre, color.color from mascota, dieta,raza
        where raza.idRaza=mascota.idRaza and dieta.idDieta=mascota.idDieta 
        and color.idColor= mascota.idColor and adoptador.idAdoptador=mascota.idAdoptador ')
 2 SYSTEMPATH\CodeIgniter.php(942): App\Controllers\User->mostrarM()
 3 SYSTEMPATH\CodeIgniter.php(502): CodeIgniter\CodeIgniter->runController(Object(App\Controllers\User))
 4 SYSTEMPATH\CodeIgniter.php(361): CodeIgniter\CodeIgniter->handleRequest(null, Object(Config\Cache), false)
 5 FCPATH\index.php(79): CodeIgniter\CodeIgniter->run()
 6 SYSTEMPATH\Commands\Server\rewrite.php(47): require_once('C:\\Users\\mcarl\\OneDrive\\Escritorio\\ADOPCION_MASCOTAS\\public\\index.php')
ERROR - 2023-10-26 17:03:36 --> mysqli_sql_exception: Unknown column 'dieta.dieta' in 'field list' in C:\Users\mcarl\OneDrive\Escritorio\ADOPCION_MASCOTAS\system\Database\MySQLi\Connection.php:306
Stack trace:
#0 C:\Users\mcarl\OneDrive\Escritorio\ADOPCION_MASCOTAS\system\Database\MySQLi\Connection.php(306): mysqli->query('SELECT mascota....', 0)
#1 C:\Users\mcarl\OneDrive\Escritorio\ADOPCION_MASCOTAS\system\Database\BaseConnection.php(693): CodeIgniter\Database\MySQLi\Connection->execute('SELECT mascota....')
#2 C:\Users\mcarl\OneDrive\Escritorio\ADOPCION_MASCOTAS\system\Database\BaseConnection.php(607): CodeIgniter\Database\BaseConnection->simpleQuery('SELECT mascota....')
#3 C:\Users\mcarl\OneDrive\Escritorio\ADOPCION_MASCOTAS\app\Controllers\User.php(19): CodeIgniter\Database\BaseConnection->query('SELECT mascota....')
#4 C:\Users\mcarl\OneDrive\Escritorio\ADOPCION_MASCOTAS\system\CodeIgniter.php(942): App\Controllers\User->mostrarM()
#5 C:\Users\mcarl\OneDrive\Escritorio\ADOPCION_MASCOTAS\system\CodeIgniter.php(502): CodeIgniter\CodeIgniter->runController(Object(App\Controllers\User))
#6 C:\Users\mcarl\OneDrive\Escritorio\ADOPCION_MASCOTAS\system\CodeIgniter.php(361): CodeIgniter\CodeIgniter->handleRequest(NULL, Object(Config\Cache), false)
#7 C:\Users\mcarl\OneDrive\Escritorio\ADOPCION_MASCOTAS\public\index.php(79): CodeIgniter\CodeIgniter->run()
#8 C:\Users\mcarl\OneDrive\Escritorio\ADOPCION_MASCOTAS\system\Commands\Server\rewrite.php(47): require_once('C:\\Users\\mcarl\\...')
#9 {main}
CRITICAL - 2023-10-26 17:03:36 --> Unknown column 'dieta.dieta' in 'field list'
in SYSTEMPATH\Database\BaseConnection.php on line 647.
 1 APPPATH\Controllers\User.php(19): CodeIgniter\Database\BaseConnection->query('SELECT mascota.*,dieta.dieta, raza.raza, adoptador.nombre, color.color from mascota, dieta,raza,adoptador
        where raza.idRaza=mascota.idRaza and dieta.idDieta=mascota.idDieta 
        and color.idColor= mascota.idColor and adoptador.idAdoptador=mascota.idAdoptador ')
 2 SYSTEMPATH\CodeIgniter.php(942): App\Controllers\User->mostrarM()
 3 SYSTEMPATH\CodeIgniter.php(502): CodeIgniter\CodeIgniter->runController(Object(App\Controllers\User))
 4 SYSTEMPATH\CodeIgniter.php(361): CodeIgniter\CodeIgniter->handleRequest(null, Object(Config\Cache), false)
 5 FCPATH\index.php(79): CodeIgniter\CodeIgniter->run()
 6 SYSTEMPATH\Commands\Server\rewrite.php(47): require_once('C:\\Users\\mcarl\\OneDrive\\Escritorio\\ADOPCION_MASCOTAS\\public\\index.php')
ERROR - 2023-10-26 17:06:06 --> mysqli_sql_exception: You have an error in your SQL syntax; check the manual that corresponds to your MariaDB server version for the right syntax to use near 'and color.idColor= mascota.idColor and adoptador.idAdoptador=mascota.idAdoptador' at line 3 in C:\Users\mcarl\OneDrive\Escritorio\ADOPCION_MASCOTAS\system\Database\MySQLi\Connection.php:306
Stack trace:
#0 C:\Users\mcarl\OneDrive\Escritorio\ADOPCION_MASCOTAS\system\Database\MySQLi\Connection.php(306): mysqli->query('SELECT mascota....', 0)
#1 C:\Users\mcarl\OneDrive\Escritorio\ADOPCION_MASCOTAS\system\Database\BaseConnection.php(693): CodeIgniter\Database\MySQLi\Connection->execute('SELECT mascota....')
#2 C:\Users\mcarl\OneDrive\Escritorio\ADOPCION_MASCOTAS\system\Database\BaseConnection.php(607): CodeIgniter\Database\BaseConnection->simpleQuery('SELECT mascota....')
#3 C:\Users\mcarl\OneDrive\Escritorio\ADOPCION_MASCOTAS\app\Controllers\User.php(19): CodeIgniter\Database\BaseConnection->query('SELECT mascota....')
#4 C:\Users\mcarl\OneDrive\Escritorio\ADOPCION_MASCOTAS\system\CodeIgniter.php(942): App\Controllers\User->mostrarM()
#5 C:\Users\mcarl\OneDrive\Escritorio\ADOPCION_MASCOTAS\system\CodeIgniter.php(502): CodeIgniter\CodeIgniter->runController(Object(App\Controllers\User))
#6 C:\Users\mcarl\OneDrive\Escritorio\ADOPCION_MASCOTAS\system\CodeIgniter.php(361): CodeIgniter\CodeIgniter->handleRequest(NULL, Object(Config\Cache), false)
#7 C:\Users\mcarl\OneDrive\Escritorio\ADOPCION_MASCOTAS\public\index.php(79): CodeIgniter\CodeIgniter->run()
#8 C:\Users\mcarl\OneDrive\Escritorio\ADOPCION_MASCOTAS\system\Commands\Server\rewrite.php(47): require_once('C:\\Users\\mcarl\\...')
#9 {main}
CRITICAL - 2023-10-26 17:06:06 --> You have an error in your SQL syntax; check the manual that corresponds to your MariaDB server version for the right syntax to use near 'and color.idColor= mascota.idColor and adoptador.idAdoptador=mascota.idAdoptador' at line 3
in SYSTEMPATH\Database\BaseConnection.php on line 647.
 1 APPPATH\Controllers\User.php(19): CodeIgniter\Database\BaseConnection->query('SELECT mascota.*, raza.raza, adoptador.nombre, color.color from mascota, dieta,raza,adoptador
        where raza.idRaza=mascota.idRaza and 
        and color.idColor= mascota.idColor and adoptador.idAdoptador=mascota.idAdoptador ')
 2 SYSTEMPATH\CodeIgniter.php(942): App\Controllers\User->mostrarM()
 3 SYSTEMPATH\CodeIgniter.php(502): CodeIgniter\CodeIgniter->runController(Object(App\Controllers\User))
 4 SYSTEMPATH\CodeIgniter.php(361): CodeIgniter\CodeIgniter->handleRequest(null, Object(Config\Cache), false)
 5 FCPATH\index.php(79): CodeIgniter\CodeIgniter->run()
 6 SYSTEMPATH\Commands\Server\rewrite.php(47): require_once('C:\\Users\\mcarl\\OneDrive\\Escritorio\\ADOPCION_MASCOTAS\\public\\index.php')
ERROR - 2023-10-26 17:06:35 --> mysqli_sql_exception: Unknown column 'color.color' in 'field list' in C:\Users\mcarl\OneDrive\Escritorio\ADOPCION_MASCOTAS\system\Database\MySQLi\Connection.php:306
Stack trace:
#0 C:\Users\mcarl\OneDrive\Escritorio\ADOPCION_MASCOTAS\system\Database\MySQLi\Connection.php(306): mysqli->query('SELECT mascota....', 0)
#1 C:\Users\mcarl\OneDrive\Escritorio\ADOPCION_MASCOTAS\system\Database\BaseConnection.php(693): CodeIgniter\Database\MySQLi\Connection->execute('SELECT mascota....')
#2 C:\Users\mcarl\OneDrive\Escritorio\ADOPCION_MASCOTAS\system\Database\BaseConnection.php(607): CodeIgniter\Database\BaseConnection->simpleQuery('SELECT mascota....')
#3 C:\Users\mcarl\OneDrive\Escritorio\ADOPCION_MASCOTAS\app\Controllers\User.php(18): CodeIgniter\Database\BaseConnection->query('SELECT mascota....')
#4 C:\Users\mcarl\OneDrive\Escritorio\ADOPCION_MASCOTAS\system\CodeIgniter.php(942): App\Controllers\User->mostrarM()
#5 C:\Users\mcarl\OneDrive\Escritorio\ADOPCION_MASCOTAS\system\CodeIgniter.php(502): CodeIgniter\CodeIgniter->runController(Object(App\Controllers\User))
#6 C:\Users\mcarl\OneDrive\Escritorio\ADOPCION_MASCOTAS\system\CodeIgniter.php(361): CodeIgniter\CodeIgniter->handleRequest(NULL, Object(Config\Cache), false)
#7 C:\Users\mcarl\OneDrive\Escritorio\ADOPCION_MASCOTAS\public\index.php(79): CodeIgniter\CodeIgniter->run()
#8 C:\Users\mcarl\OneDrive\Escritorio\ADOPCION_MASCOTAS\system\Commands\Server\rewrite.php(47): require_once('C:\\Users\\mcarl\\...')
#9 {main}
CRITICAL - 2023-10-26 17:06:35 --> Unknown column 'color.color' in 'field list'
in SYSTEMPATH\Database\BaseConnection.php on line 647.
 1 APPPATH\Controllers\User.php(18): CodeIgniter\Database\BaseConnection->query('SELECT mascota.*, raza.raza, adoptador.nombre, color.color from mascota, dieta,raza,adoptador
        where raza.idRaza=mascota.idRaza     and color.idColor= mascota.idColor and adoptador.idAdoptador=mascota.idAdoptador ')
 2 SYSTEMPATH\CodeIgniter.php(942): App\Controllers\User->mostrarM()
 3 SYSTEMPATH\CodeIgniter.php(502): CodeIgniter\CodeIgniter->runController(Object(App\Controllers\User))
 4 SYSTEMPATH\CodeIgniter.php(361): CodeIgniter\CodeIgniter->handleRequest(null, Object(Config\Cache), false)
 5 FCPATH\index.php(79): CodeIgniter\CodeIgniter->run()
 6 SYSTEMPATH\Commands\Server\rewrite.php(47): require_once('C:\\Users\\mcarl\\OneDrive\\Escritorio\\ADOPCION_MASCOTAS\\public\\index.php')
CRITICAL - 2023-10-26 22:20:40 --> Undefined property: stdClass::$idRaza
in APPPATH\Views\usuario\mostrarM.php on line 9.
 1 APPPATH\Views\usuario\mostrarM.php(9): CodeIgniter\Debug\Exceptions->errorHandler(2, 'Undefined property: stdClass::$idRaza', 'C:\\Users\\mcarl\\OneDrive\\Escritorio\\ADOPCION_MASCOTAS\\app\\Views\\usuario\\mostrarM.php', 9)
 2 SYSTEMPATH\View\View.php(228): include('C:\\Users\\mcarl\\OneDrive\\Escritorio\\ADOPCION_MASCOTAS\\app\\Views\\usuario\\mostrarM.php')
 3 SYSTEMPATH\View\View.php(231): CodeIgniter\View\View->CodeIgniter\View\{closure}()
 4 SYSTEMPATH\Common.php(1190): CodeIgniter\View\View->render('usuario/mostrarM', [], true)
 5 APPPATH\Controllers\User.php(29): view('usuario/mostrarM', [...])
 6 SYSTEMPATH\CodeIgniter.php(942): App\Controllers\User->mostrarM()
 7 SYSTEMPATH\CodeIgniter.php(502): CodeIgniter\CodeIgniter->runController(Object(App\Controllers\User))
 8 SYSTEMPATH\CodeIgniter.php(361): CodeIgniter\CodeIgniter->handleRequest(null, Object(Config\Cache), false)
 9 FCPATH\index.php(79): CodeIgniter\CodeIgniter->run()
10 SYSTEMPATH\Commands\Server\rewrite.php(47): require_once('C:\\Users\\mcarl\\OneDrive\\Escritorio\\ADOPCION_MASCOTAS\\public\\index.php')
CRITICAL - 2023-10-26 22:20:57 --> Undefined property: stdClass::$idColor
in APPPATH\Views\usuario\mostrarM.php on line 10.
 1 APPPATH\Views\usuario\mostrarM.php(10): CodeIgniter\Debug\Exceptions->errorHandler(2, 'Undefined property: stdClass::$idColor', 'C:\\Users\\mcarl\\OneDrive\\Escritorio\\ADOPCION_MASCOTAS\\app\\Views\\usuario\\mostrarM.php', 10)
 2 SYSTEMPATH\View\View.php(228): include('C:\\Users\\mcarl\\OneDrive\\Escritorio\\ADOPCION_MASCOTAS\\app\\Views\\usuario\\mostrarM.php')
 3 SYSTEMPATH\View\View.php(231): CodeIgniter\View\View->CodeIgniter\View\{closure}()
 4 SYSTEMPATH\Common.php(1190): CodeIgniter\View\View->render('usuario/mostrarM', [], true)
 5 APPPATH\Controllers\User.php(29): view('usuario/mostrarM', [...])
 6 SYSTEMPATH\CodeIgniter.php(942): App\Controllers\User->mostrarM()
 7 SYSTEMPATH\CodeIgniter.php(502): CodeIgniter\CodeIgniter->runController(Object(App\Controllers\User))
 8 SYSTEMPATH\CodeIgniter.php(361): CodeIgniter\CodeIgniter->handleRequest(null, Object(Config\Cache), false)
 9 FCPATH\index.php(79): CodeIgniter\CodeIgniter->run()
10 SYSTEMPATH\Commands\Server\rewrite.php(47): require_once('C:\\Users\\mcarl\\OneDrive\\Escritorio\\ADOPCION_MASCOTAS\\public\\index.php')
CRITICAL - 2023-10-26 22:21:37 --> Undefined property: stdClass::$idRaza
in APPPATH\Views\usuario\mostrarM.php on line 9.
 1 APPPATH\Views\usuario\mostrarM.php(9): CodeIgniter\Debug\Exceptions->errorHandler(2, 'Undefined property: stdClass::$idRaza', 'C:\\Users\\mcarl\\OneDrive\\Escritorio\\ADOPCION_MASCOTAS\\app\\Views\\usuario\\mostrarM.php', 9)
 2 SYSTEMPATH\View\View.php(228): include('C:\\Users\\mcarl\\OneDrive\\Escritorio\\ADOPCION_MASCOTAS\\app\\Views\\usuario\\mostrarM.php')
 3 SYSTEMPATH\View\View.php(231): CodeIgniter\View\View->CodeIgniter\View\{closure}()
 4 SYSTEMPATH\Common.php(1190): CodeIgniter\View\View->render('usuario/mostrarM', [], true)
 5 APPPATH\Controllers\User.php(29): view('usuario/mostrarM', [...])
 6 SYSTEMPATH\CodeIgniter.php(942): App\Controllers\User->mostrarM()
 7 SYSTEMPATH\CodeIgniter.php(502): CodeIgniter\CodeIgniter->runController(Object(App\Controllers\User))
 8 SYSTEMPATH\CodeIgniter.php(361): CodeIgniter\CodeIgniter->handleRequest(null, Object(Config\Cache), false)
 9 FCPATH\index.php(79): CodeIgniter\CodeIgniter->run()
10 SYSTEMPATH\Commands\Server\rewrite.php(47): require_once('C:\\Users\\mcarl\\OneDrive\\Escritorio\\ADOPCION_MASCOTAS\\public\\index.php')
CRITICAL - 2023-10-26 22:22:03 --> Undefined property: stdClass::$idDieta
in APPPATH\Views\usuario\mostrarM.php on line 12.
 1 APPPATH\Views\usuario\mostrarM.php(12): CodeIgniter\Debug\Exceptions->errorHandler(2, 'Undefined property: stdClass::$idDieta', 'C:\\Users\\mcarl\\OneDrive\\Escritorio\\ADOPCION_MASCOTAS\\app\\Views\\usuario\\mostrarM.php', 12)
 2 SYSTEMPATH\View\View.php(228): include('C:\\Users\\mcarl\\OneDrive\\Escritorio\\ADOPCION_MASCOTAS\\app\\Views\\usuario\\mostrarM.php')
 3 SYSTEMPATH\View\View.php(231): CodeIgniter\View\View->CodeIgniter\View\{closure}()
 4 SYSTEMPATH\Common.php(1190): CodeIgniter\View\View->render('usuario/mostrarM', [], true)
 5 APPPATH\Controllers\User.php(29): view('usuario/mostrarM', [...])
 6 SYSTEMPATH\CodeIgniter.php(942): App\Controllers\User->mostrarM()
 7 SYSTEMPATH\CodeIgniter.php(502): CodeIgniter\CodeIgniter->runController(Object(App\Controllers\User))
 8 SYSTEMPATH\CodeIgniter.php(361): CodeIgniter\CodeIgniter->handleRequest(null, Object(Config\Cache), false)
 9 FCPATH\index.php(79): CodeIgniter\CodeIgniter->run()
10 SYSTEMPATH\Commands\Server\rewrite.php(47): require_once('C:\\Users\\mcarl\\OneDrive\\Escritorio\\ADOPCION_MASCOTAS\\public\\index.php')
CRITICAL - 2023-10-26 22:22:10 --> Undefined property: stdClass::$deta
in APPPATH\Views\usuario\mostrarM.php on line 12.
 1 APPPATH\Views\usuario\mostrarM.php(12): CodeIgniter\Debug\Exceptions->errorHandler(2, 'Undefined property: stdClass::$deta', 'C:\\Users\\mcarl\\OneDrive\\Escritorio\\ADOPCION_MASCOTAS\\app\\Views\\usuario\\mostrarM.php', 12)
 2 SYSTEMPATH\View\View.php(228): include('C:\\Users\\mcarl\\OneDrive\\Escritorio\\ADOPCION_MASCOTAS\\app\\Views\\usuario\\mostrarM.php')
 3 SYSTEMPATH\View\View.php(231): CodeIgniter\View\View->CodeIgniter\View\{closure}()
 4 SYSTEMPATH\Common.php(1190): CodeIgniter\View\View->render('usuario/mostrarM', [], true)
 5 APPPATH\Controllers\User.php(29): view('usuario/mostrarM', [...])
 6 SYSTEMPATH\CodeIgniter.php(942): App\Controllers\User->mostrarM()
 7 SYSTEMPATH\CodeIgniter.php(502): CodeIgniter\CodeIgniter->runController(Object(App\Controllers\User))
 8 SYSTEMPATH\CodeIgniter.php(361): CodeIgniter\CodeIgniter->handleRequest(null, Object(Config\Cache), false)
 9 FCPATH\index.php(79): CodeIgniter\CodeIgniter->run()
10 SYSTEMPATH\Commands\Server\rewrite.php(47): require_once('C:\\Users\\mcarl\\OneDrive\\Escritorio\\ADOPCION_MASCOTAS\\public\\index.php')
CRITICAL - 2023-10-26 22:22:16 --> Undefined property: stdClass::$dieta
in APPPATH\Views\usuario\mostrarM.php on line 12.
 1 APPPATH\Views\usuario\mostrarM.php(12): CodeIgniter\Debug\Exceptions->errorHandler(2, 'Undefined property: stdClass::$dieta', 'C:\\Users\\mcarl\\OneDrive\\Escritorio\\ADOPCION_MASCOTAS\\app\\Views\\usuario\\mostrarM.php', 12)
 2 SYSTEMPATH\View\View.php(228): include('C:\\Users\\mcarl\\OneDrive\\Escritorio\\ADOPCION_MASCOTAS\\app\\Views\\usuario\\mostrarM.php')
 3 SYSTEMPATH\View\View.php(231): CodeIgniter\View\View->CodeIgniter\View\{closure}()
 4 SYSTEMPATH\Common.php(1190): CodeIgniter\View\View->render('usuario/mostrarM', [], true)
 5 APPPATH\Controllers\User.php(29): view('usuario/mostrarM', [...])
 6 SYSTEMPATH\CodeIgniter.php(942): App\Controllers\User->mostrarM()
 7 SYSTEMPATH\CodeIgniter.php(502): CodeIgniter\CodeIgniter->runController(Object(App\Controllers\User))
 8 SYSTEMPATH\CodeIgniter.php(361): CodeIgniter\CodeIgniter->handleRequest(null, Object(Config\Cache), false)
 9 FCPATH\index.php(79): CodeIgniter\CodeIgniter->run()
10 SYSTEMPATH\Commands\Server\rewrite.php(47): require_once('C:\\Users\\mcarl\\OneDrive\\Escritorio\\ADOPCION_MASCOTAS\\public\\index.php')
CRITICAL - 2023-10-26 22:27:37 --> Undefined variable $razas
in APPPATH\Views\admin\mostrarMascota.php on line 18.
 1 APPPATH\Views\admin\mostrarMascota.php(18): CodeIgniter\Debug\Exceptions->errorHandler(2, 'Undefined variable $razas', 'C:\\Users\\mcarl\\OneDrive\\Escritorio\\ADOPCION_MASCOTAS\\app\\Views\\admin\\mostrarMascota.php', 18)
 2 SYSTEMPATH\View\View.php(228): include('C:\\Users\\mcarl\\OneDrive\\Escritorio\\ADOPCION_MASCOTAS\\app\\Views\\admin\\mostrarMascota.php')
 3 SYSTEMPATH\View\View.php(231): CodeIgniter\View\View->CodeIgniter\View\{closure}()
 4 SYSTEMPATH\Common.php(1190): CodeIgniter\View\View->render('admin/mostrarMascota', [], true)
 5 APPPATH\Controllers\Admin.php(33): view('admin/mostrarMascota', [...])
 6 SYSTEMPATH\CodeIgniter.php(942): App\Controllers\Admin->mostrarMascota()
 7 SYSTEMPATH\CodeIgniter.php(502): CodeIgniter\CodeIgniter->runController(Object(App\Controllers\Admin))
 8 SYSTEMPATH\CodeIgniter.php(361): CodeIgniter\CodeIgniter->handleRequest(null, Object(Config\Cache), false)
 9 FCPATH\index.php(79): CodeIgniter\CodeIgniter->run()
10 SYSTEMPATH\Commands\Server\rewrite.php(47): require_once('C:\\Users\\mcarl\\OneDrive\\Escritorio\\ADOPCION_MASCOTAS\\public\\index.php')
CRITICAL - 2023-10-26 22:28:08 --> Undefined property: stdClass::$idDieta
in APPPATH\Views\admin\mostrarMascota.php on line 27.
 1 APPPATH\Views\admin\mostrarMascota.php(27): CodeIgniter\Debug\Exceptions->errorHandler(2, 'Undefined property: stdClass::$idDieta', 'C:\\Users\\mcarl\\OneDrive\\Escritorio\\ADOPCION_MASCOTAS\\app\\Views\\admin\\mostrarMascota.php', 27)
 2 SYSTEMPATH\View\View.php(228): include('C:\\Users\\mcarl\\OneDrive\\Escritorio\\ADOPCION_MASCOTAS\\app\\Views\\admin\\mostrarMascota.php')
 3 SYSTEMPATH\View\View.php(231): CodeIgniter\View\View->CodeIgniter\View\{closure}()
 4 SYSTEMPATH\Common.php(1190): CodeIgniter\View\View->render('admin/mostrarMascota', [], true)
 5 APPPATH\Controllers\Admin.php(33): view('admin/mostrarMascota', [...])
 6 SYSTEMPATH\CodeIgniter.php(942): App\Controllers\Admin->mostrarMascota()
 7 SYSTEMPATH\CodeIgniter.php(502): CodeIgniter\CodeIgniter->runController(Object(App\Controllers\Admin))
 8 SYSTEMPATH\CodeIgniter.php(361): CodeIgniter\CodeIgniter->handleRequest(null, Object(Config\Cache), false)
 9 FCPATH\index.php(79): CodeIgniter\CodeIgniter->run()
10 SYSTEMPATH\Commands\Server\rewrite.php(47): require_once('C:\\Users\\mcarl\\OneDrive\\Escritorio\\ADOPCION_MASCOTAS\\public\\index.php')
CRITICAL - 2023-10-26 22:28:13 --> Undefined property: stdClass::$idMascota
in APPPATH\Views\admin\mostrarMascota.php on line 28.
 1 APPPATH\Views\admin\mostrarMascota.php(28): CodeIgniter\Debug\Exceptions->errorHandler(2, 'Undefined property: stdClass::$idMascota', 'C:\\Users\\mcarl\\OneDrive\\Escritorio\\ADOPCION_MASCOTAS\\app\\Views\\admin\\mostrarMascota.php', 28)
 2 SYSTEMPATH\View\View.php(228): include('C:\\Users\\mcarl\\OneDrive\\Escritorio\\ADOPCION_MASCOTAS\\app\\Views\\admin\\mostrarMascota.php')
 3 SYSTEMPATH\View\View.php(231): CodeIgniter\View\View->CodeIgniter\View\{closure}()
 4 SYSTEMPATH\Common.php(1190): CodeIgniter\View\View->render('admin/mostrarMascota', [], true)
 5 APPPATH\Controllers\Admin.php(33): view('admin/mostrarMascota', [...])
 6 SYSTEMPATH\CodeIgniter.php(942): App\Controllers\Admin->mostrarMascota()
 7 SYSTEMPATH\CodeIgniter.php(502): CodeIgniter\CodeIgniter->runController(Object(App\Controllers\Admin))
 8 SYSTEMPATH\CodeIgniter.php(361): CodeIgniter\CodeIgniter->handleRequest(null, Object(Config\Cache), false)
 9 FCPATH\index.php(79): CodeIgniter\CodeIgniter->run()
10 SYSTEMPATH\Commands\Server\rewrite.php(47): require_once('C:\\Users\\mcarl\\OneDrive\\Escritorio\\ADOPCION_MASCOTAS\\public\\index.php')
CRITICAL - 2023-10-26 22:28:26 --> Undefined property: stdClass::$idMascota
in APPPATH\Views\admin\mostrarMascota.php on line 28.
 1 APPPATH\Views\admin\mostrarMascota.php(28): CodeIgniter\Debug\Exceptions->errorHandler(2, 'Undefined property: stdClass::$idMascota', 'C:\\Users\\mcarl\\OneDrive\\Escritorio\\ADOPCION_MASCOTAS\\app\\Views\\admin\\mostrarMascota.php', 28)
 2 SYSTEMPATH\View\View.php(228): include('C:\\Users\\mcarl\\OneDrive\\Escritorio\\ADOPCION_MASCOTAS\\app\\Views\\admin\\mostrarMascota.php')
 3 SYSTEMPATH\View\View.php(231): CodeIgniter\View\View->CodeIgniter\View\{closure}()
 4 SYSTEMPATH\Common.php(1190): CodeIgniter\View\View->render('admin/mostrarMascota', [], true)
 5 APPPATH\Controllers\Admin.php(33): view('admin/mostrarMascota', [...])
 6 SYSTEMPATH\CodeIgniter.php(942): App\Controllers\Admin->mostrarMascota()
 7 SYSTEMPATH\CodeIgniter.php(502): CodeIgniter\CodeIgniter->runController(Object(App\Controllers\Admin))
 8 SYSTEMPATH\CodeIgniter.php(361): CodeIgniter\CodeIgniter->handleRequest(null, Object(Config\Cache), false)
 9 FCPATH\index.php(79): CodeIgniter\CodeIgniter->run()
10 SYSTEMPATH\Commands\Server\rewrite.php(47): require_once('C:\\Users\\mcarl\\OneDrive\\Escritorio\\ADOPCION_MASCOTAS\\public\\index.php')
CRITICAL - 2023-10-26 22:28:41 --> Undefined property: stdClass::$idMascota
in APPPATH\Views\admin\mostrarMascota.php on line 28.
 1 APPPATH\Views\admin\mostrarMascota.php(28): CodeIgniter\Debug\Exceptions->errorHandler(2, 'Undefined property: stdClass::$idMascota', 'C:\\Users\\mcarl\\OneDrive\\Escritorio\\ADOPCION_MASCOTAS\\app\\Views\\admin\\mostrarMascota.php', 28)
 2 SYSTEMPATH\View\View.php(228): include('C:\\Users\\mcarl\\OneDrive\\Escritorio\\ADOPCION_MASCOTAS\\app\\Views\\admin\\mostrarMascota.php')
 3 SYSTEMPATH\View\View.php(231): CodeIgniter\View\View->CodeIgniter\View\{closure}()
 4 SYSTEMPATH\Common.php(1190): CodeIgniter\View\View->render('admin/mostrarMascota', [], true)
 5 APPPATH\Controllers\Admin.php(33): view('admin/mostrarMascota', [...])
 6 SYSTEMPATH\CodeIgniter.php(942): App\Controllers\Admin->mostrarMascota()
 7 SYSTEMPATH\CodeIgniter.php(502): CodeIgniter\CodeIgniter->runController(Object(App\Controllers\Admin))
 8 SYSTEMPATH\CodeIgniter.php(361): CodeIgniter\CodeIgniter->handleRequest(null, Object(Config\Cache), false)
 9 FCPATH\index.php(79): CodeIgniter\CodeIgniter->run()
10 SYSTEMPATH\Commands\Server\rewrite.php(47): require_once('C:\\Users\\mcarl\\OneDrive\\Escritorio\\ADOPCION_MASCOTAS\\public\\index.php')
CRITICAL - 2023-10-26 22:29:00 --> Undefined property: stdClass::$mascota
in APPPATH\Views\admin\mostrarMascota.php on line 28.
 1 APPPATH\Views\admin\mostrarMascota.php(28): CodeIgniter\Debug\Exceptions->errorHandler(2, 'Undefined property: stdClass::$mascota', 'C:\\Users\\mcarl\\OneDrive\\Escritorio\\ADOPCION_MASCOTAS\\app\\Views\\admin\\mostrarMascota.php', 28)
 2 SYSTEMPATH\View\View.php(228): include('C:\\Users\\mcarl\\OneDrive\\Escritorio\\ADOPCION_MASCOTAS\\app\\Views\\admin\\mostrarMascota.php')
 3 SYSTEMPATH\View\View.php(231): CodeIgniter\View\View->CodeIgniter\View\{closure}()
 4 SYSTEMPATH\Common.php(1190): CodeIgniter\View\View->render('admin/mostrarMascota', [], true)
 5 APPPATH\Controllers\Admin.php(33): view('admin/mostrarMascota', [...])
 6 SYSTEMPATH\CodeIgniter.php(942): App\Controllers\Admin->mostrarMascota()
 7 SYSTEMPATH\CodeIgniter.php(502): CodeIgniter\CodeIgniter->runController(Object(App\Controllers\Admin))
 8 SYSTEMPATH\CodeIgniter.php(361): CodeIgniter\CodeIgniter->handleRequest(null, Object(Config\Cache), false)
 9 FCPATH\index.php(79): CodeIgniter\CodeIgniter->run()
10 SYSTEMPATH\Commands\Server\rewrite.php(47): require_once('C:\\Users\\mcarl\\OneDrive\\Escritorio\\ADOPCION_MASCOTAS\\public\\index.php')
CRITICAL - 2023-10-26 22:29:03 --> Undefined property: stdClass::$mascota
in APPPATH\Views\admin\mostrarMascota.php on line 28.
 1 APPPATH\Views\admin\mostrarMascota.php(28): CodeIgniter\Debug\Exceptions->errorHandler(2, 'Undefined property: stdClass::$mascota', 'C:\\Users\\mcarl\\OneDrive\\Escritorio\\ADOPCION_MASCOTAS\\app\\Views\\admin\\mostrarMascota.php', 28)
 2 SYSTEMPATH\View\View.php(228): include('C:\\Users\\mcarl\\OneDrive\\Escritorio\\ADOPCION_MASCOTAS\\app\\Views\\admin\\mostrarMascota.php')
 3 SYSTEMPATH\View\View.php(231): CodeIgniter\View\View->CodeIgniter\View\{closure}()
 4 SYSTEMPATH\Common.php(1190): CodeIgniter\View\View->render('admin/mostrarMascota', [], true)
 5 APPPATH\Controllers\Admin.php(33): view('admin/mostrarMascota', [...])
 6 SYSTEMPATH\CodeIgniter.php(942): App\Controllers\Admin->mostrarMascota()
 7 SYSTEMPATH\CodeIgniter.php(502): CodeIgniter\CodeIgniter->runController(Object(App\Controllers\Admin))
 8 SYSTEMPATH\CodeIgniter.php(361): CodeIgniter\CodeIgniter->handleRequest(null, Object(Config\Cache), false)
 9 FCPATH\index.php(79): CodeIgniter\CodeIgniter->run()
10 SYSTEMPATH\Commands\Server\rewrite.php(47): require_once('C:\\Users\\mcarl\\OneDrive\\Escritorio\\ADOPCION_MASCOTAS\\public\\index.php')
CRITICAL - 2023-10-26 23:05:53 --> Undefined variable $razas
in APPPATH\Views\admin\agregarMascota.php on line 24.
 1 APPPATH\Views\admin\agregarMascota.php(24): CodeIgniter\Debug\Exceptions->errorHandler(2, 'Undefined variable $razas', 'C:\\Users\\mcarl\\OneDrive\\Escritorio\\ADOPCION_MASCOTAS\\app\\Views\\admin\\agregarMascota.php', 24)
 2 SYSTEMPATH\View\View.php(228): include('C:\\Users\\mcarl\\OneDrive\\Escritorio\\ADOPCION_MASCOTAS\\app\\Views\\admin\\agregarMascota.php')
 3 SYSTEMPATH\View\View.php(231): CodeIgniter\View\View->CodeIgniter\View\{closure}()
 4 SYSTEMPATH\Common.php(1190): CodeIgniter\View\View->render('admin/agregarMascota', [], true)
 5 APPPATH\Controllers\Admin.php(59): view('admin/agregarMascota', [...])
 6 SYSTEMPATH\CodeIgniter.php(942): App\Controllers\Admin->agregarMascota()
 7 SYSTEMPATH\CodeIgniter.php(502): CodeIgniter\CodeIgniter->runController(Object(App\Controllers\Admin))
 8 SYSTEMPATH\CodeIgniter.php(361): CodeIgniter\CodeIgniter->handleRequest(null, Object(Config\Cache), false)
 9 FCPATH\index.php(79): CodeIgniter\CodeIgniter->run()
10 SYSTEMPATH\Commands\Server\rewrite.php(47): require_once('C:\\Users\\mcarl\\OneDrive\\Escritorio\\ADOPCION_MASCOTAS\\public\\index.php')
CRITICAL - 2023-10-26 23:32:16 --> Undefined variable $razas
in APPPATH\Views\admin\agregarMascota.php on line 24.
 1 APPPATH\Views\admin\agregarMascota.php(24): CodeIgniter\Debug\Exceptions->errorHandler(2, 'Undefined variable $razas', 'C:\\Users\\mcarl\\OneDrive\\Escritorio\\ADOPCION_MASCOTAS\\app\\Views\\admin\\agregarMascota.php', 24)
 2 SYSTEMPATH\View\View.php(228): include('C:\\Users\\mcarl\\OneDrive\\Escritorio\\ADOPCION_MASCOTAS\\app\\Views\\admin\\agregarMascota.php')
 3 SYSTEMPATH\View\View.php(231): CodeIgniter\View\View->CodeIgniter\View\{closure}()
 4 SYSTEMPATH\Common.php(1190): CodeIgniter\View\View->render('admin/agregarMascota', [], true)
 5 APPPATH\Controllers\Admin.php(59): view('admin/agregarMascota', [...])
 6 SYSTEMPATH\CodeIgniter.php(942): App\Controllers\Admin->agregarMascota()
 7 SYSTEMPATH\CodeIgniter.php(502): CodeIgniter\CodeIgniter->runController(Object(App\Controllers\Admin))
 8 SYSTEMPATH\CodeIgniter.php(361): CodeIgniter\CodeIgniter->handleRequest(null, Object(Config\Cache), false)
 9 FCPATH\index.php(79): CodeIgniter\CodeIgniter->run()
10 SYSTEMPATH\Commands\Server\rewrite.php(47): require_once('C:\\Users\\mcarl\\OneDrive\\Escritorio\\ADOPCION_MASCOTAS\\public\\index.php')
CRITICAL - 2023-10-26 23:32:18 --> Undefined variable $razas
in APPPATH\Views\admin\agregarMascota.php on line 24.
 1 APPPATH\Views\admin\agregarMascota.php(24): CodeIgniter\Debug\Exceptions->errorHandler(2, 'Undefined variable $razas', 'C:\\Users\\mcarl\\OneDrive\\Escritorio\\ADOPCION_MASCOTAS\\app\\Views\\admin\\agregarMascota.php', 24)
 2 SYSTEMPATH\View\View.php(228): include('C:\\Users\\mcarl\\OneDrive\\Escritorio\\ADOPCION_MASCOTAS\\app\\Views\\admin\\agregarMascota.php')
 3 SYSTEMPATH\View\View.php(231): CodeIgniter\View\View->CodeIgniter\View\{closure}()
 4 SYSTEMPATH\Common.php(1190): CodeIgniter\View\View->render('admin/agregarMascota', [], true)
 5 APPPATH\Controllers\Admin.php(59): view('admin/agregarMascota', [...])
 6 SYSTEMPATH\CodeIgniter.php(942): App\Controllers\Admin->agregarMascota()
 7 SYSTEMPATH\CodeIgniter.php(502): CodeIgniter\CodeIgniter->runController(Object(App\Controllers\Admin))
 8 SYSTEMPATH\CodeIgniter.php(361): CodeIgniter\CodeIgniter->handleRequest(null, Object(Config\Cache), false)
 9 FCPATH\index.php(79): CodeIgniter\CodeIgniter->run()
10 SYSTEMPATH\Commands\Server\rewrite.php(47): require_once('C:\\Users\\mcarl\\OneDrive\\Escritorio\\ADOPCION_MASCOTAS\\public\\index.php')
CRITICAL - 2023-10-26 23:33:11 --> Undefined array key "idMascota"
in APPPATH\Controllers\Admin.php on line 139.
 1 APPPATH\Controllers\Admin.php(139): CodeIgniter\Debug\Exceptions->errorHandler(2, 'Undefined array key "idMascota"', 'C:\\Users\\mcarl\\OneDrive\\Escritorio\\ADOPCION_MASCOTAS\\app\\Controllers\\Admin.php', 139)
 2 SYSTEMPATH\CodeIgniter.php(942): App\Controllers\Admin->updateM()
 3 SYSTEMPATH\CodeIgniter.php(502): CodeIgniter\CodeIgniter->runController(Object(App\Controllers\Admin))
 4 SYSTEMPATH\CodeIgniter.php(361): CodeIgniter\CodeIgniter->handleRequest(null, Object(Config\Cache), false)
 5 FCPATH\index.php(79): CodeIgniter\CodeIgniter->run()
 6 SYSTEMPATH\Commands\Server\rewrite.php(47): require_once('C:\\Users\\mcarl\\OneDrive\\Escritorio\\ADOPCION_MASCOTAS\\public\\index.php')
CRITICAL - 2023-10-26 23:59:11 --> Undefined variable $idRaza
in APPPATH\Controllers\Admin.php on line 105.
 1 APPPATH\Controllers\Admin.php(105): CodeIgniter\Debug\Exceptions->errorHandler(2, 'Undefined variable $idRaza', 'C:\\Users\\mcarl\\OneDrive\\Escritorio\\ADOPCION_MASCOTAS\\app\\Controllers\\Admin.php', 105)
 2 APPPATH\Controllers\Admin.php(74): App\Controllers\Admin->insertM('2', '2', '2', 'NADA DE NADA', 'Hembra', '0', '2023-08-21')
 3 SYSTEMPATH\CodeIgniter.php(942): App\Controllers\Admin->agregarMascota()
 4 SYSTEMPATH\CodeIgniter.php(502): CodeIgniter\CodeIgniter->runController(Object(App\Controllers\Admin))
 5 SYSTEMPATH\CodeIgniter.php(361): CodeIgniter\CodeIgniter->handleRequest(null, Object(Config\Cache), false)
 6 FCPATH\index.php(79): CodeIgniter\CodeIgniter->run()
 7 SYSTEMPATH\Commands\Server\rewrite.php(47): require_once('C:\\Users\\mcarl\\OneDrive\\Escritorio\\ADOPCION_MASCOTAS\\public\\index.php')
CRITICAL - 2023-10-26 23:59:42 --> Undefined variable $fechaIngresoY
in APPPATH\Controllers\Admin.php on line 111.
 1 APPPATH\Controllers\Admin.php(111): CodeIgniter\Debug\Exceptions->errorHandler(2, 'Undefined variable $fechaIngresoY', 'C:\\Users\\mcarl\\OneDrive\\Escritorio\\ADOPCION_MASCOTAS\\app\\Controllers\\Admin.php', 111)
 2 APPPATH\Controllers\Admin.php(74): App\Controllers\Admin->insertM('2', '2', '2', 'NADA DE NADA', 'Hembra', '0', '2023-08-21')
 3 SYSTEMPATH\CodeIgniter.php(942): App\Controllers\Admin->agregarMascota()
 4 SYSTEMPATH\CodeIgniter.php(502): CodeIgniter\CodeIgniter->runController(Object(App\Controllers\Admin))
 5 SYSTEMPATH\CodeIgniter.php(361): CodeIgniter\CodeIgniter->handleRequest(null, Object(Config\Cache), false)
 6 FCPATH\index.php(79): CodeIgniter\CodeIgniter->run()
 7 SYSTEMPATH\Commands\Server\rewrite.php(47): require_once('C:\\Users\\mcarl\\OneDrive\\Escritorio\\ADOPCION_MASCOTAS\\public\\index.php')
